0 info it worked if it ends with ok
1 verbose cli [ '/usr/local/Cellar/node/7.5.0/bin/node',
1 verbose cli   '/usr/local/bin/npm',
1 verbose cli   'run',
1 verbose cli   'build' ]
2 info using npm@4.1.2
3 info using node@v7.5.0
4 verbose run-script [ 'prebuild', 'build', 'postbuild' ]
5 info lifecycle shaper-front-end-coding-project@~prebuild: shaper-front-end-coding-project@
6 silly lifecycle shaper-front-end-coding-project@~prebuild: no script for prebuild, continuing
7 info lifecycle shaper-front-end-coding-project@~build: shaper-front-end-coding-project@
8 verbose lifecycle shaper-front-end-coding-project@~build: unsafe-perm in lifecycle true
9 verbose lifecycle shaper-front-end-coding-project@~build: PATH: /usr/local/lib/node_modules/npm/bin/node-gyp-bin:/Users/malanimalasuriya/Coding/Work/FrontEndCodingProject-MalaN/project/node_modules/.bin:/usr/local/bin:/usr/bin:/bin:/usr/sbin:/sbin
10 verbose lifecycle shaper-front-end-coding-project@~build: CWD: /Users/malanimalasuriya/Coding/Work/FrontEndCodingProject-MalaN/project
11 silly lifecycle shaper-front-end-coding-project@~build: Args: [ '-c', 'webpack' ]
12 silly lifecycle shaper-front-end-coding-project@~build: Returned: code: 2  signal: null
13 info lifecycle shaper-front-end-coding-project@~build: Failed to exec build script
14 verbose stack Error: shaper-front-end-coding-project@ build: `webpack`
14 verbose stack Exit status 2
14 verbose stack     at EventEmitter.<anonymous> (/usr/local/lib/node_modules/npm/lib/utils/lifecycle.js:279:16)
14 verbose stack     at emitTwo (events.js:106:13)
14 verbose stack     at EventEmitter.emit (events.js:192:7)
14 verbose stack     at ChildProcess.<anonymous> (/usr/local/lib/node_modules/npm/lib/utils/spawn.js:40:14)
14 verbose stack     at emitTwo (events.js:106:13)
14 verbose stack     at ChildProcess.emit (events.js:192:7)
14 verbose stack     at maybeClose (internal/child_process.js:890:16)
14 verbose stack     at Process.ChildProcess._handle.onexit (internal/child_process.js:226:5)
15 verbose pkgid shaper-front-end-coding-project@
16 verbose cwd /Users/malanimalasuriya/Coding/Work/FrontEndCodingProject-MalaN/project
17 error Darwin 16.7.0
18 error argv "/usr/local/Cellar/node/7.5.0/bin/node" "/usr/local/bin/npm" "run" "build"
19 error node v7.5.0
20 error npm  v4.1.2
21 error code ELIFECYCLE
22 error shaper-front-end-coding-project@ build: `webpack`
22 error Exit status 2
23 error Failed at the shaper-front-end-coding-project@ build script 'webpack'.
23 error Make sure you have the latest version of node.js and npm installed.
23 error If you do, this is most likely a problem with the shaper-front-end-coding-project package,
23 error not with npm itself.
23 error Tell the author that this fails on your system:
23 error     webpack
23 error You can get information on how to open an issue for this project with:
23 error     npm bugs shaper-front-end-coding-project
23 error Or if that isn't available, you can get their info via:
23 error     npm owner ls shaper-front-end-coding-project
23 error There is likely additional logging output above.
24 verbose exit [ 1, true ]
